<?xml version="1.0" encoding="UTF-8"?>
<testng-results skipped="0" failed="1" total="4" passed="3">
  <reporter-output>
  </reporter-output>
  <suite name="Suite" duration-ms="68736" started-at="2020-04-30T02:16:39Z" finished-at="2020-04-30T02:17:48Z">
    <groups>
    </groups>
    <test name="Test" duration-ms="18269" started-at="2020-04-30T02:16:39Z" finished-at="2020-04-30T02:16:57Z">
      <class name="Academy.Getphoneassertions">
        <test-method status="PASS" signature="initalise()[pri:0, instance:Academy.Getphoneassertions@3567135c]" name="initalise" is-config="true" duration-ms="17833" started-at="2020-04-29T22:16:39Z" finished-at="2020-04-29T22:16:57Z">
          <reporter-output>
          </reporter-output>
        </test-method> <!-- initalise -->
        <test-method status="FAIL" signature="LinkAssertion()[pri:0, instance:Academy.Getphoneassertions@3567135c]" name="LinkAssertion" duration-ms="129" started-at="2020-04-29T22:16:57Z" finished-at="2020-04-29T22:16:57Z">
          <exception class="java.lang.AssertionError">
            <message>
              <![CDATA[expected [Phone1] but found [Phones list]]]>
            </message>
            <full-stacktrace>
              <![CDATA[java.lang.AssertionError: expected [Phone1] but found [Phones list]
	at org.testng.Assert.fail(Assert.java:94)
	at org.testng.Assert.failNotEquals(Assert.java:513)
	at org.testng.Assert.assertEqualsImpl(Assert.java:135)
	at org.testng.Assert.assertEquals(Assert.java:116)
	at org.testng.Assert.assertEquals(Assert.java:190)
	at org.testng.Assert.assertEquals(Assert.java:200)
	at Academy.Getphoneassertions.LinkAssertion(Getphoneassertions.java:27)
	at sun.reflect.NativeMethodAccessorImpl.invoke0(Native Method)
	at sun.reflect.NativeMethodAccessorImpl.invoke(Unknown Source)
	at sun.reflect.DelegatingMethodAccessorImpl.invoke(Unknown Source)
	at java.lang.reflect.Method.invoke(Unknown Source)
	at org.testng.internal.MethodInvocationHelper.invokeMethod(MethodInvocationHelper.java:86)
	at org.testng.internal.Invoker.invokeMethod(Invoker.java:645)
	at org.testng.internal.Invoker.invokeTestMethod(Invoker.java:822)
	at org.testng.internal.Invoker.invokeTestMethods(Invoker.java:1130)
	at org.testng.internal.TestMethodWorker.invokeTestMethods(TestMethodWorker.java:129)
	at org.testng.internal.TestMethodWorker.run(TestMethodWorker.java:112)
	at org.testng.TestRunner.privateRun(TestRunner.java:782)
	at org.testng.TestRunner.run(TestRunner.java:632)
	at org.testng.SuiteRunner.runTest(SuiteRunner.java:366)
	at org.testng.SuiteRunner.runSequentially(SuiteRunner.java:361)
	at org.testng.SuiteRunner.privateRun(SuiteRunner.java:319)
	at org.testng.SuiteRunner.run(SuiteRunner.java:268)
	at org.testng.SuiteRunnerWorker.runSuite(SuiteRunnerWorker.java:52)
	at org.testng.SuiteRunnerWorker.run(SuiteRunnerWorker.java:86)
	at org.testng.TestNG.runSuitesSequentially(TestNG.java:1244)
	at org.testng.TestNG.runSuitesLocally(TestNG.java:1169)
	at org.testng.TestNG.run(TestNG.java:1064)
	at org.testng.remote.RemoteTestNG.run(RemoteTestNG.java:113)
	at org.testng.remote.RemoteTestNG.initAndRun(RemoteTestNG.java:206)
	at org.testng.remote.RemoteTestNG.main(RemoteTestNG.java:177)
]]>
            </full-stacktrace>
          </exception> <!-- java.lang.AssertionError -->
          <reporter-output>
          </reporter-output>
        </test-method> <!-- LinkAssertion -->
        <test-method status="PASS" signature="TearDown()[pri:0, instance:Academy.Getphoneassertions@3567135c]" name="TearDown" is-config="true" duration-ms="282" started-at="2020-04-29T22:16:57Z" finished-at="2020-04-29T22:16:57Z">
          <reporter-output>
          </reporter-output>
        </test-method> <!-- TearDown -->
      </class> <!-- Academy.Getphoneassertions -->
    </test> <!-- Test -->
    <test name="searchboxTest" duration-ms="17546" started-at="2020-04-30T02:16:57Z" finished-at="2020-04-30T02:17:15Z">
      <class name="Academy.Searchboxassertion">
        <test-method status="PASS" signature="initalise()[pri:0, instance:Academy.Searchboxassertion@2c9f9fb0]" name="initalise" is-config="true" duration-ms="12628" started-at="2020-04-29T22:16:57Z" finished-at="2020-04-29T22:17:10Z">
          <reporter-output>
          </reporter-output>
        </test-method> <!-- initalise -->
        <test-method status="PASS" signature="searchAssertion()[pri:0, instance:Academy.Searchboxassertion@2c9f9fb0]" name="searchAssertion" duration-ms="712" started-at="2020-04-29T22:17:10Z" finished-at="2020-04-29T22:17:11Z">
          <reporter-output>
          </reporter-output>
        </test-method> <!-- searchAssertion -->
        <test-method status="PASS" signature="TearDown()[pri:0, instance:Academy.Searchboxassertion@2c9f9fb0]" name="TearDown" is-config="true" duration-ms="4205" started-at="2020-04-29T22:17:11Z" finished-at="2020-04-29T22:17:15Z">
          <reporter-output>
          </reporter-output>
        </test-method> <!-- TearDown -->
      </class> <!-- Academy.Searchboxassertion -->
    </test> <!-- searchboxTest -->
    <test name="homepageTest" duration-ms="32843" started-at="2020-04-30T02:17:15Z" finished-at="2020-04-30T02:17:48Z">
      <class name="Academy.HomePage">
        <test-method status="PASS" signature="initalise()[pri:0, instance:Academy.HomePage@3dd3bcd]" name="initalise" is-config="true" duration-ms="10496" started-at="2020-04-29T22:17:15Z" finished-at="2020-04-29T22:17:26Z">
          <reporter-output>
          </reporter-output>
        </test-method> <!-- initalise -->
        <test-method status="PASS" signature="Home(java.lang.String, java.lang.String)[pri:0, instance:Academy.HomePage@3dd3bcd]" name="Home" duration-ms="9602" started-at="2020-04-29T22:17:26Z" data-provider="getData" finished-at="2020-04-29T22:17:35Z">
          <params>
            <param index="0">
              <value>
                <![CDATA[Mary]]>
              </value>
            </param>
            <param index="1">
              <value>
                <![CDATA[password]]>
              </value>
            </param>
          </params>
          <reporter-output>
          </reporter-output>
        </test-method> <!-- Home -->
        <test-method status="PASS" signature="Home(java.lang.String, java.lang.String)[pri:0, instance:Academy.HomePage@3dd3bcd]" name="Home" duration-ms="8428" started-at="2020-04-29T22:17:35Z" data-provider="getData" finished-at="2020-04-29T22:17:44Z">
          <params>
            <param index="0">
              <value>
                <![CDATA[Keshav]]>
              </value>
            </param>
            <param index="1">
              <value>
                <![CDATA[1234]]>
              </value>
            </param>
          </params>
          <reporter-output>
          </reporter-output>
        </test-method> <!-- Home -->
        <test-method status="PASS" signature="TearDown()[pri:0, instance:Academy.HomePage@3dd3bcd]" name="TearDown" is-config="true" duration-ms="4312" started-at="2020-04-29T22:17:44Z" finished-at="2020-04-29T22:17:48Z">
          <reporter-output>
          </reporter-output>
        </test-method> <!-- TearDown -->
      </class> <!-- Academy.HomePage -->
    </test> <!-- homepageTest -->
    <test name="AppTest" duration-ms="1" started-at="2020-04-30T02:17:48Z" finished-at="2020-04-30T02:17:48Z">
    </test> <!-- AppTest -->
  </suite> <!-- Suite -->
</testng-results>
